make --dry-run --keep-going --print-directory
make: Entering directory '/mnt/c/PAV/PAV-LAB6'
g++    -c -o src/main.o src/main.cpp
g++    -c -o src/Class/Asignatura.o src/Class/Asignatura.cpp
g++    -c -o src/Class/Clase.o src/Class/Clase.cpp
g++    -c -o src/Class/Docente.o src/Class/Docente.cpp
 
g++    -c -o src/Class/Estudiante.o src/Class/Estudiante.cpp
 
g++    -c -o src/Class/Participacion.o src/Class/Participacion.cpp
 
g++    -c -o src/Class/Perfil.o src/Class/Perfil.cpp
 
g++    -c -o src/Class/Rol.o src/Class/Rol.cpp
 
g++    -c -o src/DataTypes/DtFecha.o src/DataTypes/DtFecha.cpp
 
g++    -c -o src/DataTypes/DtLog.o src/DataTypes/DtLog.cpp
 
g++    -c -o src/DataTypes/DtPerfil.o src/DataTypes/DtPerfil.cpp
 
g++    -c -o src/DataTypes/DtTimeStamp.o src/DataTypes/DtTimeStamp.cpp
 
g++    -c -o src/DataTypes/DtInstanciaClase.o src/DataTypes/DtInstanciaClase.cpp
 
g++    -c -o src/DataTypes/DtAsignatura.o src/DataTypes/DtAsignatura.cpp
 
g++    -c -o src/DataTypes/DtInfoClase.o src/DataTypes/DtInfoClase.cpp
 
g++    -c -o src/DataTypes/DtInfoTeorico.o src/DataTypes/DtInfoTeorico.cpp
 
g++    -c -o src/DataTypes/DtInfoMonitoreo.o src/DataTypes/DtInfoMonitoreo.cpp
 
g++    -c -o src/DataTypes/DtIniciarClase.o src/DataTypes/DtIniciarClase.cpp
 
g++    -c -o src/DataTypes/DtIniciarClaseFull.o src/DataTypes/DtIniciarClaseFull.cpp
 
g++    -c -o src/DataTypes/DtIniciarMonitoreo.o src/DataTypes/DtIniciarMonitoreo.cpp
 
g++    -c -o src/DataTypes/DtParticipacion.o src/DataTypes/DtParticipacion.cpp
mkdir -p ./obj
mv src/main.o src/Class/Asignatura.o src/Class/Clase.o src/Class/Docente.o src/Class/Estudiante.o src/Class/Participacion.o src/Class/Perfil.o src/Class/Rol.o src/DataTypes/DtFecha.o src/DataTypes/DtLog.o src/DataTypes/DtPerfil.o src/DataTypes/DtTimeStamp.o src/DataTypes/DtInstanciaClase.o src/DataTypes/DtAsignatura.o src/DataTypes/DtInfoClase.o src/DataTypes/DtInfoTeorico.o src/DataTypes/DtInfoMonitoreo.o src/DataTypes/DtIniciarClase.o src/DataTypes/DtIniciarClaseFull.o src/DataTypes/DtIniciarMonitoreo.o src/DataTypes/DtParticipacion.o ./obj
g++ obj/*.o -o exec 
echo "\nEjecutar con: ./exec "
make: Leaving directory '/mnt/c/PAV/PAV-LAB6'
 
