make all --print-data-base --no-builtin-variables --no-builtin-rules --question
make: *** No rule to make target 'src/Controller/CAltaAsignatura.cpp', needed by 'src/Controller/CAltaAsignatura.o'.  Stop.
 
# GNU Make 4.3
# Built for x86_64-pc-linux-gnu
# Copyright (C) 1988-2020 Free Software Foundation, Inc.
# License GPLv3+: GNU GPL version 3 or later <http://gnu.org/licenses/gpl.html>
# This is free software: you are free to change and redistribute it.
# There is NO WARRANTY, to the extent permitted by law.
 

<<<<<<< HEAD
# Make data base, printed on Mon Jun  7 14:09:36 2021
=======
# Make data base, printed on Mon Jun  7 19:51:18 2021
>>>>>>> ac28f01d4db01cceb35c7643caae7107476c218b

# Variables

# environment
GDK_BACKEND = x11
# environment
LC_ALL = C
# environment
SNAP_INSTANCE_KEY = 
# environment
VSCODE_IPC_HOOK_EXTHOST = /run/user/1000/vscode-ipc-f0fe2b27-5cad-432c-91cd-d33d8ad11058.sock
# environment
LC_NAME = es_UY.UTF-8
# environment
LC_NUMERIC = es_UY.UTF-8
# environment
VSCODE_CWD = /home/angel
# environment
WINDOWPATH = 2
# environment
UBUNTU_MENUPROXY = 1
# environment
LC_ADDRESS = es_UY.UTF-8
# default
MAKE_COMMAND := make
# environment
QT_ACCESSIBILITY = 1
# automatic
@D = $(patsubst %/,%,$(dir $@))
# environment
SNAP_INSTANCE_NAME = code
# environment
GDK_PIXBUF_MODULEDIR = /snap/code/65/usr/lib/x86_64-linux-gnu/gdk-pixbuf-2.0/2.10.0/loaders
# environment
<<<<<<< HEAD
VSCODE_HANDLES_UNCAUGHT_ERRORS = true
=======
VSCODE_IPC_HOOK_CLI = /mnt/wslg/runtime-dir/vscode-ipc-260f7890-565c-4fd4-931b-5b2025352624.sock
>>>>>>> ac28f01d4db01cceb35c7643caae7107476c218b
# default
.VARIABLES := 
# environment
PWD = /home/angel/Random/PAv/LAB6/PAV-LAB6
# automatic
%D = $(patsubst %/,%,$(dir $%))
# environment
XDG_DATA_DIRS = /usr/share/bspwm:/home/angel/.local/share/flatpak/exports/share:/var/lib/flatpak/exports/share:/usr/local/share/:/usr/share/:/var/lib/snapd/desktop
# environment
OLDPWD = /home/angel
# automatic
^D = $(patsubst %/,%,$(dir $^))
# environment
VSCODE_LOG_STACK = false
# automatic
%F = $(notdir $%)
# environment
<<<<<<< HEAD
LANG = C
# environment
XAUTHORITY = /run/user/1000/gdm/Xauthority
# default
.LOADED := 
# default
.INCLUDE_DIRS = /usr/local/include /usr/include /usr/include
# makefile
MAKEFLAGS = pqrR
# makefile
CURDIR := /home/angel/Random/PAv/LAB6/PAV-LAB6
=======
DISPLAY = 172.18.128.1:0.0
>>>>>>> ac28f01d4db01cceb35c7643caae7107476c218b
# environment
VSCODE_PIPE_LOGGING = true
# environment
APPLICATION_INSIGHTS_NO_DIAGNOSTIC_CHANNEL = true
# automatic
*D = $(patsubst %/,%,$(dir $*))
# environment
MFLAGS = -pqrR
# environment
SSH_AUTH_SOCK = /tmp/ssh-vqM0EJKjnoD3/agent.2124
# default
.SHELLFLAGS := -c
# environment
<<<<<<< HEAD
XDG_CONFIG_DIRS = /etc/xdg/xdg-bspwm:/etc/xdg
# automatic
+D = $(patsubst %/,%,$(dir $+))
=======
WSL_INTEROP = /run/WSL/64_interop
>>>>>>> ac28f01d4db01cceb35c7643caae7107476c218b
# environment
VSCODE_CRASH_REPORTER_START_OPTIONS = {"companyName":"Microsoft","productName":"VSCode","submitURL":"appcenter://code?aid=fba07a4d-84bd-4fc8-a125-9640fc8ce171&uid=28b99b1a-fbe7-430b-a7d7-6f4a6b55da3d&iid=28b99b1a-fbe7-430b-a7d7-6f4a6b55da3d&sid=28b99b1a-fbe7-430b-a7d7-6f4a6b55da3d","uploadToServer":true}
# environment
XDG_SESSION_DESKTOP = bspwm
# makefile (from 'Makefile', line 1)
MAKEFILE_LIST := Makefile
# environment
SNAP_REEXEC = 
# automatic
@F = $(notdir $@)
# environment
VSCODE_VERBOSE_LOGGING = true
# environment
VSCODE_PID = 9198
# environment
XDG_SESSION_TYPE = x11
# automatic
<<<<<<< HEAD
?D = $(patsubst %/,%,$(dir $?))
# automatic
*F = $(notdir $*)
=======
^D = $(patsubst %/,%,$(dir $^))
# makefile (from 'Makefile', line 3)
obj = src/main.o src/Class/Asignatura.o src/Class/Clase.o src/Class/Docente.o src/Class/Estudiante.o src/Class/Participacion.o src/Class/Perfil.o src/Class/Rol.o src/Class/AsisteVivo.o src/Class/AsisteDiferido.o src/Class/Monitoreo.o src/Class/Practico.o src/Class/Teorico.o src/Class/Sesion.o src/Controller/CAsistenciaClaseVivo.o src/Controller/CAltaAsignatura.o src/Controller/CIniciarSesion.o src/Controller/CListadoClases.o src/Controller/CInscripcionAsignaturas.o src/Handlers/ManejadorAsignatura.o src/Handlers/ManejadorClase.o src/Handlers/ManejadorPerfil.o src/DataTypes/DtFecha.o src/DataTypes/DtLog.o src/DataTypes/DtAsistir.o src/DataTypes/DtPerfil.o src/DataTypes/DtTimeStamp.o src/DataTypes/DtInstanciaClase.o src/DataTypes/DtAsignatura.o src/DataTypes/DtInfoClase.o src/DataTypes/DtInfoTeorico.o src/DataTypes/DtInfoMonitoreo.o src/DataTypes/DtIniciarClase.o src/DataTypes/DtIniciarClaseFull.o src/DataTypes/DtIniciarMonitoreo.o src/DataTypes/DtParticipacion.o
>>>>>>> ac28f01d4db01cceb35c7643caae7107476c218b
# environment
CHROME_DESKTOP = code-url-handler.desktop
# environment
DBUS_SESSION_BUS_ADDRESS = unix:path=/run/user/1000/bus
# automatic
<D = $(patsubst %/,%,$(dir $<))
# environment
VSCODE_NLS_CONFIG = {"locale":"en-us","availableLanguages":{},"_languagePackSupport":true}
# environment
BREAKPAD_DUMP_LOCATION = /home/angel/.config/Code/exthost Crash Reports
# default
MAKE_HOST := x86_64-pc-linux-gnu
# makefile
SHELL = /bin/sh
# default
MAKECMDGOALS := all
# environment
XMODIFIERS = @im=ibus
# environment
SHLVL = 0
# environment
MAKELEVEL := 0
# default
MAKE = $(MAKE_COMMAND)
# environment
SNAP_COOKIE = MV_liglf61YdTwJkSPpGWibOua0kDbQ3xdotJkAKK7ZgBbNOLJpX
# environment
PATH = /usr/local/sbin:/usr/local/bin:/usr/sbin:/usr/bin:/sbin:/bin:/usr/games:/usr/local/games:/snap/bin
# default
MAKEFILES := 
# environment
LC_MONETARY = es_UY.UTF-8
# automatic
^F = $(notdir $^)
# environment
SNAP_USER_COMMON = /home/angel/snap/code/common
# environment
LC_TIME = es_UY.UTF-8
# environment
SNAP = /snap/code/65
# environment
SNAP_REVISION = 65
# environment
SNAP_REAL_HOME = /home/angel
# environment
VSCODE_LOG_NATIVE = false
# environment
USERNAME = angel
# environment
LC_TELEPHONE = es_UY.UTF-8
# automatic
?F = $(notdir $?)
# makefile (from 'Makefile', line 1)
exec = exec 
# environment
XDG_SEAT = seat0
# environment
GTK_IM_MODULE = ibus
# automatic
+F = $(notdir $+)
# environment
DESKTOP_SESSION = bspwm
# environment
ORIGINAL_XDG_CURRENT_DESKTOP = undefined
# 'override' directive
GNUMAKEFLAGS := 
# environment
CLUTTER_IM_MODULE = ibus
# environment
LOGNAME = angel
# environment
SNAP_ARCH = amd64
# environment
XDG_VTNR = 2
# makefile
.DEFAULT_GOAL := all
# environment
DISPLAY = :0
# environment
USER = angel
# environment
GTK_MODULES = gail:atk-bridge:appmenu-gtk-module
# default
MAKE_VERSION := 4.3
# environment
DISABLE_WAYLAND = 1
# environment
SNAP_DATA = /var/snap/code/65
# environment
SNAP_CONTEXT = MV_liglf61YdTwJkSPpGWibOua0kDbQ3xdotJkAKK7ZgBbNOLJpX
# environment
LC_MEASUREMENT = es_UY.UTF-8
# environment
SSH_AGENT_PID = 2367
# environment
VSCODE_NODE_CACHED_DATA_DIR = /home/angel/.config/Code/CachedData/054a9295330880ed74ceaedda236253b4f39a335
# environment
LC_PAPER = es_UY.UTF-8
# environment
XDG_RUNTIME_DIR = /run/user/1000
# environment
GPG_AGENT_INFO = /run/user/1000/gnupg/S.gpg-agent:0:1
# environment
GDK_PIXBUF_MODULE_FILE = /home/angel/snap/code/common/.cache/gdk-pixbuf-loaders.cache
# environment
XDG_SESSION_CLASS = user
# environment
VSCODE_AMD_ENTRYPOINT = vs/workbench/services/extensions/node/extensionHostProcess
# environment
HOME = /home/angel
# environment
QT_IM_MODULE = ibus
# environment
ELECTRON_RUN_AS_NODE = 1
# environment
VSCODE_IPC_HOOK = /run/user/1000/vscode-f80804e1-1.56.2-main.sock
# environment
SNAP_NAME = code
# environment
GSETTINGS_SCHEMA_DIR = /snap/code/65/usr/share/glib-2.0/schemas
# environment
XDG_SESSION_ID = 2
# default
.RECIPEPREFIX := 
# automatic
<F = $(notdir $<)
# environment
SNAP_VERSION = 054a9295
# default
SUFFIXES := 
# environment
VSCODE_CLI = 1
# environment
ELECTRON_NO_ATTACH_CONSOLE = 1
# environment
SNAP_COMMON = /var/snap/code/common
# default
.FEATURES := target-specific order-only second-expansion else-if shortest-stem undefine oneshell nocomment grouped-target extra-prereqs archives jobserver output-sync check-symlink load
# environment
QT4_IM_MODULE = ibus
# environment
SNAP_USER_DATA = /home/angel/snap/code/65
# environment
GDMSESSION = bspwm
# environment
LC_IDENTIFICATION = es_UY.UTF-8
# makefile (from 'Makefile', line 3)
obj = src/main.o src/Class/Asignatura.o src/Class/Clase.o src/Class/Docente.o src/Class/Estudiante.o src/Class/Participacion.o src/Class/Perfil.o src/Class/Rol.o src/Class/AsisteVivo.o src/Class/AsisteDiferido.o src/Class/Monitoreo.o src/Class/Practico.o src/Class/Teorico.o src/Class/Sesion.o src/Controller/CAltaAsignatura.o src/Controller/CIniciarSesion.o src/Controller/CListadoClases.o src/Controller/CEnvioMensaje.o src/Handlers/ManejadorAsignatura.o src/Handlers/ManejadorClase.o src/Handlers/ManejadorPerfil.o src/DataTypes/DtFecha.o src/DataTypes/DtLog.o src/DataTypes/DtPerfil.o src/DataTypes/DtTimeStamp.o src/DataTypes/DtInstanciaClase.o src/DataTypes/DtAsignatura.o src/DataTypes/DtInfoClase.o src/DataTypes/DtInfoTeorico.o src/DataTypes/DtInfoMonitoreo.o src/DataTypes/DtIniciarClase.o src/DataTypes/DtIniciarClaseFull.o src/DataTypes/DtIniciarMonitoreo.o src/DataTypes/DtParticipacion.o
# environment
SNAP_LIBRARY_PATH = /var/lib/snapd/lib/gl:/var/lib/snapd/lib/gl32:/var/lib/snapd/void
# variable set hash-table stats:
# Load=123/1024=12%, Rehash=0, Collisions=8/155=5%

# Pattern-specific Variable Values

# No pattern-specific variable values.

# Directories

# . (device 2050, inode 3677619): 8 files, no impossibilities.

# 8 files, no impossibilities in 1 directories.

# Implicit Rules

# No implicit rules.

# Files

src/DataTypes/DtAsistir.o: src/DataTypes/DtAsistir.cpp
#  Implicit rule search has been done.
#  Implicit/static pattern stem: 'src/DataTypes/DtAsistir'
#  Last modified 2021-06-07 19:42:45.172407
#  File has been updated.
#  Successfully updated.

# Not a target:
<<<<<<< HEAD
 
src/DataTypes/DtIniciarClase.cpp:
#  Implicit rule search has not been done.
#  Modification time never checked.
#  File has not been updated.
=======
src/Class/Estudiante.cpp:
#  Implicit rule search has been done.
#  Last modified 2021-06-07 14:02:41.6752205
#  File has been updated.
#  Successfully updated.
>>>>>>> ac28f01d4db01cceb35c7643caae7107476c218b

src/Controller/CAltaAsignatura.o: src/Controller/CAltaAsignatura.cpp
#  Implicit rule search has been done.
<<<<<<< HEAD
#  Implicit/static pattern stem: 'src/Controller/CAltaAsignatura'
#  File does not exist.
#  File has not been updated.

# Not a target:
src/DataTypes/DtInfoMonitoreo.cpp:
#  Implicit rule search has not been done.
#  Modification time never checked.
#  File has not been updated.
=======
#  Implicit/static pattern stem: 'src/DataTypes/DtInfoClase'
#  Last modified 2021-06-07 19:42:46.2135935
#  File has been updated.
#  Successfully updated.

# Not a target:
src/Controller/CAltaAsignatura.cpp:
#  Implicit rule search has been done.
#  Last modified 2021-06-07 14:28:51.6874171
#  File has been updated.
#  Successfully updated.

all: src/main.o src/Class/Asignatura.o src/Class/Clase.o src/Class/Docente.o src/Class/Estudiante.o src/Class/Participacion.o src/Class/Perfil.o src/Class/Rol.o src/Class/AsisteVivo.o src/Class/AsisteDiferido.o src/Class/Monitoreo.o src/Class/Practico.o src/Class/Teorico.o src/Class/Sesion.o src/Controller/CAsistenciaClaseVivo.o src/Controller/CAltaAsignatura.o src/Controller/CIniciarSesion.o src/Controller/CListadoClases.o src/Controller/CInscripcionAsignaturas.o src/Handlers/ManejadorAsignatura.o src/Handlers/ManejadorClase.o src/Handlers/ManejadorPerfil.o src/DataTypes/DtFecha.o src/DataTypes/DtLog.o src/DataTypes/DtAsistir.o src/DataTypes/DtPerfil.o src/DataTypes/DtTimeStamp.o src/DataTypes/DtInstanciaClase.o src/DataTypes/DtAsignatura.o src/DataTypes/DtInfoClase.o src/DataTypes/DtInfoTeorico.o src/DataTypes/DtInfoMonitoreo.o src/DataTypes/DtIniciarClase.o src/DataTypes/DtIniciarClaseFull.o src/DataTypes/DtIniciarMonitoreo.o src/DataTypes/DtParticipacion.o
#  Command line target.
#  Implicit rule search has not been done.
#  Implicit/static pattern stem: ''
#  File does not exist.
#  File has been updated.
#  Needs to be updated (-q is set).
# automatic
# @ := all
# automatic
# % := 
# automatic
# * := 
# automatic
# + := src/main.o src/Class/Asignatura.o src/Class/Clase.o src/Class/Docente.o src/Class/Estudiante.o src/Class/Participacion.o src/Class/Perfil.o src/Class/Rol.o src/Class/AsisteVivo.o src/Class/AsisteDiferido.o src/Class/Monitoreo.o src/Class/Practico.o src/Class/Teorico.o src/Class/Sesion.o src/Controller/CAsistenciaClaseVivo.o src/Controller/CAltaAsignatura.o src/Controller/CIniciarSesion.o src/Controller/CListadoClases.o src/Controller/CInscripcionAsignaturas.o src/Handlers/ManejadorAsignatura.o src/Handlers/ManejadorClase.o src/Handlers/ManejadorPerfil.o src/DataTypes/DtFecha.o src/DataTypes/DtLog.o src/DataTypes/DtAsistir.o src/DataTypes/DtPerfil.o src/DataTypes/DtTimeStamp.o src/DataTypes/DtInstanciaClase.o src/DataTypes/DtAsignatura.o src/DataTypes/DtInfoClase.o src/DataTypes/DtInfoTeorico.o src/DataTypes/DtInfoMonitoreo.o src/DataTypes/DtIniciarClase.o src/DataTypes/DtIniciarClaseFull.o src/DataTypes/DtIniciarMonitoreo.o src/DataTypes/DtParticipacion.o
# automatic
# | := 
# automatic
# < := src/main.o
# automatic
# ^ := src/main.o src/Class/Asignatura.o src/Class/Clase.o src/Class/Docente.o src/Class/Estudiante.o src/Class/Participacion.o src/Class/Perfil.o src/Class/Rol.o src/Class/AsisteVivo.o src/Class/AsisteDiferido.o src/Class/Monitoreo.o src/Class/Practico.o src/Class/Teorico.o src/Class/Sesion.o src/Controller/CAsistenciaClaseVivo.o src/Controller/CAltaAsignatura.o src/Controller/CIniciarSesion.o src/Controller/CListadoClases.o src/Controller/CInscripcionAsignaturas.o src/Handlers/ManejadorAsignatura.o src/Handlers/ManejadorClase.o src/Handlers/ManejadorPerfil.o src/DataTypes/DtFecha.o src/DataTypes/DtLog.o src/DataTypes/DtAsistir.o src/DataTypes/DtPerfil.o src/DataTypes/DtTimeStamp.o src/DataTypes/DtInstanciaClase.o src/DataTypes/DtAsignatura.o src/DataTypes/DtInfoClase.o src/DataTypes/DtInfoTeorico.o src/DataTypes/DtInfoMonitoreo.o src/DataTypes/DtIniciarClase.o src/DataTypes/DtIniciarClaseFull.o src/DataTypes/DtIniciarMonitoreo.o src/DataTypes/DtParticipacion.o
# automatic
# ? := src/main.o src/Class/Asignatura.o src/Class/Clase.o src/Class/Docente.o src/Class/Estudiante.o src/Class/Participacion.o src/Class/Perfil.o src/Class/Rol.o src/Class/AsisteVivo.o src/Class/AsisteDiferido.o src/Class/Monitoreo.o src/Class/Practico.o src/Class/Teorico.o src/Class/Sesion.o src/Controller/CAsistenciaClaseVivo.o src/Controller/CAltaAsignatura.o src/Controller/CIniciarSesion.o src/Controller/CListadoClases.o src/Controller/CInscripcionAsignaturas.o src/Handlers/ManejadorAsignatura.o src/Handlers/ManejadorClase.o src/Handlers/ManejadorPerfil.o src/DataTypes/DtFecha.o src/DataTypes/DtLog.o src/DataTypes/DtAsistir.o src/DataTypes/DtPerfil.o src/DataTypes/DtTimeStamp.o src/DataTypes/DtInstanciaClase.o src/DataTypes/DtAsignatura.o src/DataTypes/DtInfoClase.o src/DataTypes/DtInfoTeorico.o src/DataTypes/DtInfoMonitoreo.o src/DataTypes/DtIniciarClase.o src/DataTypes/DtIniciarClaseFull.o src/DataTypes/DtIniciarMonitoreo.o src/DataTypes/DtParticipacion.o
# variable set hash-table stats:
# Load=8/32=25%, Rehash=0, Collisions=5/14=36%
#  recipe to execute (from 'Makefile', line 45):
	g++ $(obj) -o $(exec)
	@ echo "\n\nEjecutar con: ./$(exec)\n\n"

src/DataTypes/DtParticipacion.o: src/DataTypes/DtParticipacion.cpp
#  Implicit rule search has been done.
#  Implicit/static pattern stem: 'src/DataTypes/DtParticipacion'
#  Last modified 2021-06-07 19:42:47.8162776
#  File has been updated.
#  Successfully updated.
>>>>>>> ac28f01d4db01cceb35c7643caae7107476c218b

# Not a target:
src/Class/AsisteVivo.cpp:
#  Implicit rule search has been done.
<<<<<<< HEAD
#  Last modified 2021-06-05 17:19:49.463433
=======
#  Implicit/static pattern stem: 'src/DataTypes/DtIniciarClase'
#  Last modified 2021-06-07 19:42:47.0285873
>>>>>>> ac28f01d4db01cceb35c7643caae7107476c218b
#  File has been updated.
#  Successfully updated.

# Not a target:
<<<<<<< HEAD
src/Class/Sesion.cpp:
#  Implicit rule search has been done.
#  Last modified 2021-06-06 21:53:21.027611704
=======
src/Handlers/ManejadorPerfil.cpp:
#  Implicit rule search has been done.
#  Last modified 2021-06-07 19:28:44.8665029
#  File has been updated.
#  Successfully updated.

src/main.o: src/main.cpp
#  Implicit rule search has been done.
#  Implicit/static pattern stem: 'src/main'
#  Last modified 2021-06-07 19:42:36.4570721
>>>>>>> ac28f01d4db01cceb35c7643caae7107476c218b
#  File has been updated.
#  Successfully updated.

src/DataTypes/DtAsignatura.o: src/DataTypes/DtAsignatura.cpp
#  Implicit rule search has not been done.
#  Implicit/static pattern stem: 'src/DataTypes/DtAsignatura'
<<<<<<< HEAD
#  Modification time never checked.
#  File has not been updated.

src/DataTypes/DtLog.o: src/DataTypes/DtLog.cpp
#  Implicit rule search has not been done.
#  Implicit/static pattern stem: 'src/DataTypes/DtLog'
#  Modification time never checked.
#  File has not been updated.

src/Controller/CEnvioMensaje.o: src/Controller/CEnvioMensaje.cpp
#  Implicit rule search has not been done.
#  Implicit/static pattern stem: 'src/Controller/CEnvioMensaje'
#  Modification time never checked.
#  File has not been updated.
=======
#  Last modified 2021-06-07 19:42:45.9081291
 
#  File has been updated.
#  Successfully updated.

# Not a target:
src/Class/Clase.cpp:
#  Implicit rule search has been done.
#  Last modified 2021-06-07 14:02:41.6672217
#  File has been updated.
#  Successfully updated.

# Not a target:
src/DataTypes/DtIniciarClaseFull.cpp:
#  Implicit rule search has been done.
#  Last modified 2021-06-07 14:02:41.8872203
#  File has been updated.
#  Successfully updated.
>>>>>>> ac28f01d4db01cceb35c7643caae7107476c218b

# Not a target:
src/Controller/CListadoClases.cpp:
#  Implicit rule search has not been done.
#  Modification time never checked.
#  File has not been updated.

# Not a target:
src/Controller/CEnvioMensaje.cpp:
#  Implicit rule search has not been done.
#  Modification time never checked.
#  File has not been updated.

<<<<<<< HEAD
=======
src/Controller/CAsistenciaClaseVivo.o: src/Controller/CAsistenciaClaseVivo.cpp
#  Implicit rule search has been done.
#  Implicit/static pattern stem: 'src/Controller/CAsistenciaClaseVivo'
#  Last modified 2021-06-07 19:42:41.2662123
#  File has been updated.
#  Successfully updated.

src/DataTypes/DtInfoTeorico.o: src/DataTypes/DtInfoTeorico.cpp
#  Implicit rule search has been done.
#  Implicit/static pattern stem: 'src/DataTypes/DtInfoTeorico'
#  Last modified 2021-06-07 19:42:46.4856966
#  File has been updated.
#  Successfully updated.

# Not a target:
src/Controller/CListadoClases.cpp:
#  Implicit rule search has been done.
#  Last modified 2021-06-07 19:05:04.0675638
#  File has been updated.
#  Successfully updated.

>>>>>>> ac28f01d4db01cceb35c7643caae7107476c218b
# Not a target:
src/Class/Asignatura.cpp:
#  Implicit rule search has been done.
<<<<<<< HEAD
#  Last modified 2021-06-05 17:19:49.463433
=======
#  Last modified 2021-06-07 19:51:00.5861851
>>>>>>> ac28f01d4db01cceb35c7643caae7107476c218b
#  File has been updated.
#  Successfully updated.

# Not a target:
src/Class/Teorico.cpp:
#  Implicit rule search has been done.
<<<<<<< HEAD
#  Last modified 2021-06-05 17:19:49.463433
#  File has been updated.
#  Successfully updated.

src/DataTypes/DtIniciarClase.o: src/DataTypes/DtIniciarClase.cpp
#  Implicit rule search has not been done.
#  Implicit/static pattern stem: 'src/DataTypes/DtIniciarClase'
#  Modification time never checked.
#  File has not been updated.
=======
#  Last modified 2021-06-07 18:44:14.485156
#  File has been updated.
#  Successfully updated.

src/DataTypes/DtInfoMonitoreo.o: src/DataTypes/DtInfoMonitoreo.cpp
#  Implicit rule search has been done.
#  Implicit/static pattern stem: 'src/DataTypes/DtInfoMonitoreo'
#  Last modified 2021-06-07 19:42:46.7904988
#  File has been updated.
#  Successfully updated.
>>>>>>> ac28f01d4db01cceb35c7643caae7107476c218b

src/Class/Rol.o: src/Class/Rol.cpp
#  Implicit rule search has been done.
<<<<<<< HEAD
#  Implicit/static pattern stem: 'src/Class/Rol'
#  File does not exist.
#  File has been updated.
#  Successfully updated.

src/DataTypes/DtInstanciaClase.o: src/DataTypes/DtInstanciaClase.cpp
#  Implicit rule search has not been done.
#  Implicit/static pattern stem: 'src/DataTypes/DtInstanciaClase'
#  Modification time never checked.
#  File has not been updated.
=======
#  Implicit/static pattern stem: 'src/Class/Teorico'
#  Last modified 2021-06-07 19:42:40.4667031
#  File has been updated.
#  Successfully updated.

src/Controller/CIniciarSesion.o: src/Controller/CIniciarSesion.cpp
#  Implicit rule search has been done.
#  Implicit/static pattern stem: 'src/Controller/CIniciarSesion'
#  Last modified 2021-06-07 19:42:42.1627356
#  File has been updated.
#  Successfully updated.

# Not a target:
src/Class/Perfil.cpp:
#  Implicit rule search has been done.
#  Last modified 2021-06-07 14:02:41.6905246
#  File has been updated.
#  Successfully updated.

src/DataTypes/DtIniciarMonitoreo.o: src/DataTypes/DtIniciarMonitoreo.cpp
#  Implicit rule search has been done.
#  Implicit/static pattern stem: 'src/DataTypes/DtIniciarMonitoreo'
#  Last modified 2021-06-07 19:42:47.583532
#  File has been updated.
#  Successfully updated.
>>>>>>> ac28f01d4db01cceb35c7643caae7107476c218b

# Not a target:
src/Class/Participacion.cpp:
#  Implicit rule search has been done.
<<<<<<< HEAD
#  Last modified 2021-06-05 00:09:16.063046
=======
#  Implicit/static pattern stem: 'src/Class/Monitoreo'
#  Last modified 2021-06-07 19:42:39.8332465
#  File has been updated.
#  Successfully updated.

src/Controller/CInscripcionAsignaturas.o: src/Controller/CInscripcionAsignaturas.cpp
#  Implicit rule search has been done.
#  Implicit/static pattern stem: 'src/Controller/CInscripcionAsignaturas'
#  Last modified 2021-06-07 19:42:43.130517
>>>>>>> ac28f01d4db01cceb35c7643caae7107476c218b
#  File has been updated.
#  Successfully updated.

# Not a target:
Makefile:
#  Implicit rule search has been done.
<<<<<<< HEAD
#  Last modified 2021-06-06 22:50:16.999432811
#  File has been updated.
#  Successfully updated.

src/Handlers/ManejadorAsignatura.o: src/Handlers/ManejadorAsignatura.cpp
#  Implicit rule search has not been done.
#  Implicit/static pattern stem: 'src/Handlers/ManejadorAsignatura'
#  Modification time never checked.
#  File has not been updated.
=======
#  Implicit/static pattern stem: 'src/Class/AsisteDiferido'
#  Last modified 2021-06-07 19:42:39.4732764
#  File has been updated.
#  Successfully updated.

src/Class/Practico.o: src/Class/Practico.cpp
#  Implicit rule search has been done.
#  Implicit/static pattern stem: 'src/Class/Practico'
#  Last modified 2021-06-07 19:42:40.1214778
#  File has been updated.
#  Successfully updated.
>>>>>>> ac28f01d4db01cceb35c7643caae7107476c218b

src/Class/AsisteVivo.o: src/Class/AsisteVivo.cpp
#  Implicit rule search has been done.
<<<<<<< HEAD
#  Implicit/static pattern stem: 'src/Class/AsisteVivo'
#  File does not exist.
=======
#  Implicit/static pattern stem: 'src/DataTypes/DtTimeStamp'
#  Last modified 2021-06-07 19:42:45.6154246
>>>>>>> ac28f01d4db01cceb35c7643caae7107476c218b
#  File has been updated.
#  Successfully updated.

# Not a target:
src/main.cpp:
#  Implicit rule search has been done.
<<<<<<< HEAD
#  Last modified 2021-06-06 21:53:21.015612761
#  File has been updated.
#  Successfully updated.

src/DataTypes/DtIniciarClaseFull.o: src/DataTypes/DtIniciarClaseFull.cpp
#  Implicit rule search has not been done.
#  Implicit/static pattern stem: 'src/DataTypes/DtIniciarClaseFull'
#  Modification time never checked.
#  File has not been updated.

clean:
#  Implicit rule search has not been done.
#  Modification time never checked.
#  File has not been updated.
#  recipe to execute (from 'Makefile', line 49):
	@ rm -f $(obj)
	@ echo "archivos de compilacion eliminados."
=======
#  Last modified 2021-06-07 19:42:31.7373889
#  File has been updated.
#  Successfully updated.

# Not a target:
src/Class/Rol.cpp:
#  Implicit rule search has been done.
#  Last modified 2021-06-07 18:44:14.4961568
#  File has been updated.
#  Successfully updated.

# Not a target:
src/Class/AsisteVivo.cpp:
#  Implicit rule search has been done.
#  Last modified 2021-06-07 14:02:41.6592196
#  File has been updated.
#  Successfully updated.
>>>>>>> ac28f01d4db01cceb35c7643caae7107476c218b

# Not a target:
src/DataTypes/DtPerfil.cpp:
#  Implicit rule search has not been done.
#  Modification time never checked.
#  File has not been updated.

# Not a target:
src/Class/Rol.cpp:
#  Implicit rule search has been done.
<<<<<<< HEAD
#  Last modified 2021-06-06 21:53:21.011613113
#  File has been updated.
#  Successfully updated.

# Not a target:
src/DataTypes/DtIniciarClaseFull.cpp:
#  Implicit rule search has not been done.
#  Modification time never checked.
#  File has not been updated.

src/DataTypes/DtInfoTeorico.o: src/DataTypes/DtInfoTeorico.cpp
#  Implicit rule search has not been done.
#  Implicit/static pattern stem: 'src/DataTypes/DtInfoTeorico'
#  Modification time never checked.
#  File has not been updated.
=======
#  Last modified 2021-06-07 18:44:14.6091632
#  File has been updated.
#  Successfully updated.

src/Class/Estudiante.o: src/Class/Estudiante.cpp
#  Implicit rule search has been done.
#  Implicit/static pattern stem: 'src/Class/Estudiante'
#  Last modified 2021-06-07 19:42:38.0733574
#  File has been updated.
#  Successfully updated.

# Not a target:
src/Class/Sesion.cpp:
#  Implicit rule search has been done.
#  Last modified 2021-06-07 14:02:41.6982233
#  File has been updated.
#  Successfully updated.
>>>>>>> ac28f01d4db01cceb35c7643caae7107476c218b

# Not a target:
src/Class/Estudiante.cpp:
#  Implicit rule search has been done.
<<<<<<< HEAD
#  Last modified 2021-06-05 17:19:49.463433
=======
#  Last modified 2021-06-07 19:05:05.1161292
>>>>>>> ac28f01d4db01cceb35c7643caae7107476c218b
#  File has been updated.
#  Successfully updated.

# Not a target:
src/DataTypes/DtAsignatura.cpp:
#  Implicit rule search has not been done.
#  Modification time never checked.
#  File has not been updated.

# Not a target:
src/Class/Practico.cpp:
#  Implicit rule search has been done.
<<<<<<< HEAD
#  Last modified 2021-06-05 17:19:49.463433
=======
#  Last modified 2021-06-07 14:02:41.6832218
>>>>>>> ac28f01d4db01cceb35c7643caae7107476c218b
#  File has been updated.
#  Successfully updated.

# Not a target:
src/DataTypes/DtLog.cpp:
#  Implicit rule search has not been done.
#  Modification time never checked.
#  File has not been updated.

src/DataTypes/DtParticipacion.o: src/DataTypes/DtParticipacion.cpp
#  Implicit rule search has not been done.
#  Implicit/static pattern stem: 'src/DataTypes/DtParticipacion'
#  Modification time never checked.
#  File has not been updated.

# Not a target:
src/Class/Clase.cpp:
#  Implicit rule search has been done.
#  Last modified 2021-06-05 17:19:49.463433
#  File has been updated.
#  Successfully updated.

# Not a target:
src/Class/Docente.cpp:
#  Implicit rule search has been done.
<<<<<<< HEAD
#  Last modified 2021-06-06 21:53:21.011613113
=======
#  Implicit/static pattern stem: 'src/Controller/CAltaAsignatura'
#  Last modified 2021-06-07 19:42:41.6909038
>>>>>>> ac28f01d4db01cceb35c7643caae7107476c218b
#  File has been updated.
#  Successfully updated.

# Not a target:
src/DataTypes/DtParticipacion.cpp:
#  Implicit rule search has not been done.
#  Modification time never checked.
#  File has not been updated.

src/Class/Sesion.o: src/Class/Sesion.cpp
#  Implicit rule search has been done.
<<<<<<< HEAD
#  Implicit/static pattern stem: 'src/Class/Sesion'
#  File does not exist.
=======
#  Implicit/static pattern stem: 'src/DataTypes/DtInstanciaClase'
#  Last modified 2021-06-07 19:42:45.6843686
>>>>>>> ac28f01d4db01cceb35c7643caae7107476c218b
#  File has been updated.
#  Successfully updated.

src/main.o: src/main.cpp
#  Implicit rule search has been done.
<<<<<<< HEAD
#  Implicit/static pattern stem: 'src/main'
#  File does not exist.
=======
#  Implicit/static pattern stem: 'src/Handlers/ManejadorPerfil'
#  Last modified 2021-06-07 19:42:44.5023749
>>>>>>> ac28f01d4db01cceb35c7643caae7107476c218b
#  File has been updated.
#  Successfully updated.

# Not a target:
.DEFAULT:
#  Implicit rule search has not been done.
#  Modification time never checked.
#  File has not been updated.

<<<<<<< HEAD
all: src/main.o src/Class/Asignatura.o src/Class/Clase.o src/Class/Docente.o src/Class/Estudiante.o src/Class/Participacion.o src/Class/Perfil.o src/Class/Rol.o src/Class/AsisteVivo.o src/Class/AsisteDiferido.o src/Class/Monitoreo.o src/Class/Practico.o src/Class/Teorico.o src/Class/Sesion.o src/Controller/CAltaAsignatura.o src/Controller/CIniciarSesion.o src/Controller/CListadoClases.o src/Controller/CEnvioMensaje.o src/Handlers/ManejadorAsignatura.o src/Handlers/ManejadorClase.o src/Handlers/ManejadorPerfil.o src/DataTypes/DtFecha.o src/DataTypes/DtLog.o src/DataTypes/DtPerfil.o src/DataTypes/DtTimeStamp.o src/DataTypes/DtInstanciaClase.o src/DataTypes/DtAsignatura.o src/DataTypes/DtInfoClase.o src/DataTypes/DtInfoTeorico.o src/DataTypes/DtInfoMonitoreo.o src/DataTypes/DtIniciarClase.o src/DataTypes/DtIniciarClaseFull.o src/DataTypes/DtIniciarMonitoreo.o src/DataTypes/DtParticipacion.o
#  Command line target.
#  Implicit rule search has not been done.
#  File does not exist.
#  File has not been updated.
#  recipe to execute (from 'Makefile', line 43):
	g++ $(obj) -o $(exec)
	@ echo "\n\nEjecutar con: ./$(exec)\n\n"

# Not a target:
src/DataTypes/DtInfoClase.cpp:
#  Implicit rule search has not been done.
#  Modification time never checked.
#  File has not been updated.

src/DataTypes/DtFecha.o: src/DataTypes/DtFecha.cpp
#  Implicit rule search has not been done.
#  Implicit/static pattern stem: 'src/DataTypes/DtFecha'
#  Modification time never checked.
#  File has not been updated.

# Not a target:
src/DataTypes/DtInstanciaClase.cpp:
#  Implicit rule search has not been done.
#  Modification time never checked.
#  File has not been updated.
=======
# Not a target:
src/DataTypes/DtAsistir.cpp:
#  Implicit rule search has been done.
#  Last modified 2021-06-07 14:02:41.8482205
#  File has been updated.
#  Successfully updated.

src/Class/Clase.o: src/Class/Clase.cpp
#  Implicit rule search has been done.
#  Implicit/static pattern stem: 'src/Class/Clase'
#  Last modified 2021-06-07 19:42:37.327224
#  File has been updated.
#  Successfully updated.

src/DataTypes/DtIniciarClaseFull.o: src/DataTypes/DtIniciarClaseFull.cpp
#  Implicit rule search has been done.
#  Implicit/static pattern stem: 'src/DataTypes/DtIniciarClaseFull'
#  Last modified 2021-06-07 19:42:47.2583959
#  File has been updated.
#  Successfully updated.

# Not a target:
src/DataTypes/DtInfoClase.cpp:
#  Implicit rule search has been done.
#  Last modified 2021-06-07 14:02:41.85522
#  File has been updated.
#  Successfully updated.

src/DataTypes/DtLog.o: src/DataTypes/DtLog.cpp
#  Implicit rule search has been done.
#  Implicit/static pattern stem: 'src/DataTypes/DtLog'
#  Last modified 2021-06-07 19:42:44.9488628
#  File has been updated.
#  Successfully updated.

# Not a target:
src/DataTypes/DtParticipacion.cpp:
#  Implicit rule search has been done.
#  Last modified 2021-06-07 14:02:41.9032203
#  File has been updated.
#  Successfully updated.
>>>>>>> ac28f01d4db01cceb35c7643caae7107476c218b

# Not a target:
src/DataTypes/DtTimeStamp.cpp:
#  Implicit rule search has not been done.
#  Modification time never checked.
#  File has not been updated.
<<<<<<< HEAD

# Not a target:
src/Controller/CIniciarSesion.cpp:
#  Implicit rule search has not been done.
#  Modification time never checked.
 
#  File has not been updated.
=======
#  recipe to execute (from 'Makefile', line 51):
	@ rm -f $(obj) $(exec)
	@ echo "archivos de compilacion eliminados."

# Not a target:
src/DataTypes/DtIniciarClase.cpp:
#  Implicit rule search has been done.
#  Last modified 2021-06-07 14:02:41.8792234
#  File has been updated.
#  Successfully updated.

src/Controller/CListadoClases.o: src/Controller/CListadoClases.cpp
#  Implicit rule search has been done.
#  Implicit/static pattern stem: 'src/Controller/CListadoClases'
#  Last modified 2021-06-07 19:42:42.6271422
#  File has been updated.
#  Successfully updated.
>>>>>>> ac28f01d4db01cceb35c7643caae7107476c218b

src/Class/Monitoreo.o: src/Class/Monitoreo.cpp
#  Implicit rule search has been done.
<<<<<<< HEAD
#  Implicit/static pattern stem: 'src/Class/Monitoreo'
#  File does not exist.
=======
#  Implicit/static pattern stem: 'src/Class/Docente'
#  Last modified 2021-06-07 19:42:37.7162938
>>>>>>> ac28f01d4db01cceb35c7643caae7107476c218b
#  File has been updated.
#  Successfully updated.

src/Class/Asignatura.o: src/Class/Asignatura.cpp
#  Implicit rule search has been done.
<<<<<<< HEAD
#  Implicit/static pattern stem: 'src/Class/Asignatura'
#  File does not exist.
=======
#  Last modified 2021-06-07 19:05:16.3254566
>>>>>>> ac28f01d4db01cceb35c7643caae7107476c218b
#  File has been updated.
#  Successfully updated.

# Not a target:
src/Controller/CAltaAsignatura.cpp:
#  Implicit rule search has been done.
<<<<<<< HEAD
#  File does not exist.
#  File has not been updated.
=======
#  Last modified 2021-06-07 14:22:02.8364435
#  File has been updated.
#  Successfully updated.
>>>>>>> ac28f01d4db01cceb35c7643caae7107476c218b

src/Class/Participacion.o: src/Class/Participacion.cpp
#  Implicit rule search has been done.
<<<<<<< HEAD
#  Implicit/static pattern stem: 'src/Class/Participacion'
#  File does not exist.
#  File has been updated.
#  Successfully updated.

src/Class/Teorico.o: src/Class/Teorico.cpp
#  Implicit rule search has been done.
#  Implicit/static pattern stem: 'src/Class/Teorico'
#  File does not exist.
=======
#  Implicit/static pattern stem: 'src/Class/Perfil'
#  Last modified 2021-06-07 19:42:38.5358706
#  File has been updated.
#  Successfully updated.

# Not a target:
src/Controller/CAsistenciaClaseVivo.cpp:
#  Implicit rule search has been done.
#  Last modified 2021-06-07 19:05:04.0685603
#  File has been updated.
#  Successfully updated.
 

# Not a target:
src/DataTypes/DtInfoTeorico.cpp:
#  Implicit rule search has been done.
#  Last modified 2021-06-07 14:02:41.8702196
>>>>>>> ac28f01d4db01cceb35c7643caae7107476c218b
#  File has been updated.
#  Successfully updated.

src/Controller/CListadoClases.o: src/Controller/CListadoClases.cpp
#  Implicit rule search has not been done.
#  Implicit/static pattern stem: 'src/Controller/CListadoClases'
#  Modification time never checked.
#  File has not been updated.

src/DataTypes/DtPerfil.o: src/DataTypes/DtPerfil.cpp
#  Implicit rule search has not been done.
#  Implicit/static pattern stem: 'src/DataTypes/DtPerfil'
#  Modification time never checked.
#  File has not been updated.

src/Class/Estudiante.o: src/Class/Estudiante.cpp
#  Implicit rule search has been done.
<<<<<<< HEAD
#  Implicit/static pattern stem: 'src/Class/Estudiante'
#  File does not exist.
=======
#  Implicit/static pattern stem: 'src/Handlers/ManejadorAsignatura'
#  Last modified 2021-06-07 19:42:43.644351
>>>>>>> ac28f01d4db01cceb35c7643caae7107476c218b
#  File has been updated.
#  Successfully updated.

# Not a target:
src/Class/AsisteDiferido.cpp:
#  Implicit rule search has been done.
<<<<<<< HEAD
#  Last modified 2021-06-05 17:19:49.463433
=======
#  Last modified 2021-06-07 14:02:41.8632213
>>>>>>> ac28f01d4db01cceb35c7643caae7107476c218b
#  File has been updated.
#  Successfully updated.

src/DataTypes/DtInfoClase.o: src/DataTypes/DtInfoClase.cpp
#  Implicit rule search has not been done.
#  Implicit/static pattern stem: 'src/DataTypes/DtInfoClase'
#  Modification time never checked.
#  File has not been updated.

src/DataTypes/DtTimeStamp.o: src/DataTypes/DtTimeStamp.cpp
#  Implicit rule search has not been done.
#  Implicit/static pattern stem: 'src/DataTypes/DtTimeStamp'
#  Modification time never checked.
#  File has not been updated.

# Not a target:
src/DataTypes/DtInfoTeorico.cpp:
#  Implicit rule search has not been done.
#  Modification time never checked.
#  File has not been updated.

# Not a target:
src/Class/Perfil.cpp:
#  Implicit rule search has been done.
#  Last modified 2021-06-05 17:19:49.463433
#  File has been updated.
#  Successfully updated.

src/Class/Clase.o: src/Class/Clase.cpp
#  Implicit rule search has been done.
<<<<<<< HEAD
#  Implicit/static pattern stem: 'src/Class/Clase'
#  File does not exist.
=======
#  Implicit/static pattern stem: 'src/Class/Rol'
#  Last modified 2021-06-07 19:42:38.8363428
#  File has been updated.
#  Successfully updated.

# Not a target:
src/Controller/CIniciarSesion.cpp:
#  Implicit rule search has been done.
#  Last modified 2021-06-07 18:44:14.561157
>>>>>>> ac28f01d4db01cceb35c7643caae7107476c218b
#  File has been updated.
#  Successfully updated.

# Not a target:
src/Handlers/ManejadorPerfil.cpp:
#  Implicit rule search has not been done.
#  Modification time never checked.
#  File has not been updated.

# Not a target:
src/DataTypes/DtIniciarMonitoreo.cpp:
<<<<<<< HEAD
#  Implicit rule search has not been done.
#  Modification time never checked.
#  File has not been updated.

# Not a target:
src/DataTypes/DtFecha.cpp:
#  Implicit rule search has not been done.
#  Modification time never checked.
#  File has not been updated.
=======
#  Implicit rule search has been done.
#  Last modified 2021-06-07 14:02:41.8952201
#  File has been updated.
#  Successfully updated.

# Not a target:
src/Class/Monitoreo.cpp:
#  Implicit rule search has been done.
#  Last modified 2021-06-03 19:30:46.7265178
#  File has been updated.
#  Successfully updated.
>>>>>>> ac28f01d4db01cceb35c7643caae7107476c218b

src/DataTypes/DtInfoMonitoreo.o: src/DataTypes/DtInfoMonitoreo.cpp
#  Implicit rule search has not been done.
#  Implicit/static pattern stem: 'src/DataTypes/DtInfoMonitoreo'
#  Modification time never checked.
#  File has not been updated.

src/DataTypes/DtIniciarMonitoreo.o: src/DataTypes/DtIniciarMonitoreo.cpp
#  Implicit rule search has not been done.
#  Implicit/static pattern stem: 'src/DataTypes/DtIniciarMonitoreo'
#  Modification time never checked.
#  File has not been updated.

# Not a target:
src/Handlers/ManejadorAsignatura.cpp:
#  Implicit rule search has not been done.
#  Modification time never checked.
#  File has not been updated.

src/Controller/CIniciarSesion.o: src/Controller/CIniciarSesion.cpp
#  Implicit rule search has not been done.
#  Implicit/static pattern stem: 'src/Controller/CIniciarSesion'
#  Modification time never checked.
#  File has not been updated.

# Not a target:
src/Class/Monitoreo.cpp:
#  Implicit rule search has been done.
<<<<<<< HEAD
#  Last modified 2021-06-05 17:19:49.463433
=======
#  Implicit/static pattern stem: 'src/Class/AsisteVivo'
#  Last modified 2021-06-07 19:42:39.134344
>>>>>>> ac28f01d4db01cceb35c7643caae7107476c218b
#  File has been updated.
#  Successfully updated.

src/Class/Practico.o: src/Class/Practico.cpp
#  Implicit rule search has been done.
<<<<<<< HEAD
#  Implicit/static pattern stem: 'src/Class/Practico'
#  File does not exist.
=======
#  Implicit/static pattern stem: 'src/DataTypes/DtPerfil'
#  Last modified 2021-06-07 19:42:45.3944507
>>>>>>> ac28f01d4db01cceb35c7643caae7107476c218b
#  File has been updated.
#  Successfully updated.

src/Handlers/ManejadorClase.o: src/Handlers/ManejadorClase.cpp
#  Implicit rule search has not been done.
#  Implicit/static pattern stem: 'src/Handlers/ManejadorClase'
<<<<<<< HEAD
#  Modification time never checked.
#  File has not been updated.
=======
#  Last modified 2021-06-07 19:42:44.1256544
#  File has been updated.
#  Successfully updated.

src/Class/Sesion.o: src/Class/Sesion.cpp
#  Implicit rule search has been done.
#  Implicit/static pattern stem: 'src/Class/Sesion'
#  Last modified 2021-06-07 19:42:40.6915686
#  File has been updated.
#  Successfully updated.
>>>>>>> ac28f01d4db01cceb35c7643caae7107476c218b

src/Class/AsisteDiferido.o: src/Class/AsisteDiferido.cpp
#  Implicit rule search has been done.
<<<<<<< HEAD
#  Implicit/static pattern stem: 'src/Class/AsisteDiferido'
#  File does not exist.
=======
#  Implicit/static pattern stem: 'src/Class/Asignatura'
#  Last modified 2021-06-07 19:42:36.8345537
>>>>>>> ac28f01d4db01cceb35c7643caae7107476c218b
#  File has been updated.
#  Successfully updated.

src/Class/Perfil.o: src/Class/Perfil.cpp
#  Implicit rule search has been done.
<<<<<<< HEAD
#  Implicit/static pattern stem: 'src/Class/Perfil'
#  File does not exist.
=======
#  Implicit/static pattern stem: 'src/Class/Participacion'
#  Last modified 2021-06-07 19:42:38.3098717
#  File has been updated.
#  Successfully updated.

# Not a target:
src/Controller/CInscripcionAsignaturas.cpp:
#  Implicit rule search has been done.
#  Last modified 2021-06-07 19:45:37.8623734
>>>>>>> ac28f01d4db01cceb35c7643caae7107476c218b
#  File has been updated.
#  Successfully updated.

src/Class/Docente.o: src/Class/Docente.cpp
#  Implicit rule search has been done.
<<<<<<< HEAD
#  Implicit/static pattern stem: 'src/Class/Docente'
#  File does not exist.
=======
#  Implicit/static pattern stem: 'src/DataTypes/DtFecha'
#  Last modified 2021-06-07 19:42:44.7293036
>>>>>>> ac28f01d4db01cceb35c7643caae7107476c218b
#  File has been updated.
#  Successfully updated.

# Not a target:
src/Handlers/ManejadorClase.cpp:
#  Implicit rule search has not been done.
#  Modification time never checked.
#  File has not been updated.

src/Handlers/ManejadorPerfil.o: src/Handlers/ManejadorPerfil.cpp
#  Implicit rule search has not been done.
#  Implicit/static pattern stem: 'src/Handlers/ManejadorPerfil'
#  Modification time never checked.
#  File has not been updated.

# files hash-table stats:
<<<<<<< HEAD
# Load=73/1024=7%, Rehash=0, Collisions=6/186=3%
=======
# Load=77/1024=8%, Rehash=0, Collisions=0/197=0%
>>>>>>> ac28f01d4db01cceb35c7643caae7107476c218b
# VPATH Search Paths

# No 'vpath' search paths.

# No general ('VPATH' variable) search path.

<<<<<<< HEAD
# strcache buffers: 1 (0) / strings = 118 / storage = 2811 B / avg = 23 B
# current buf: size = 8162 B / used = 2811 B / count = 118 / avg = 23 B

# strcache performance: lookups = 193 / hit rate = 38%
# hash-table stats:
# Load=118/8192=1%, Rehash=0, Collisions=0/193=0%
# Finished Make data base on Mon Jun  7 14:09:36 2021
=======
# strcache buffers: 1 (0) / strings = 125 / storage = 3038 B / avg = 24 B
# current buf: size = 8162 B / used = 3038 B / count = 125 / avg = 24 B

# strcache performance: lookups = 205 / hit rate = 39%
# hash-table stats:
# Load=125/8192=2%, Rehash=0, Collisions=11/205=5%
# Finished Make data base on Mon Jun  7 19:51:18 2021
>>>>>>> ac28f01d4db01cceb35c7643caae7107476c218b

 
